<?xml version="1.0" encoding="UTF-8"?>
<testsuite xmlns:xsi="http://www.w3.org/2001/XMLSchema-instance" xsi:noNamespaceSchemaLocation="https://maven.apache.org/surefire/maven-surefire-plugin/xsd/surefire-test-report.xsd" version="3.0.2" name="com.postech.fiap.googlecloudfunctions.HelloWorldCloudEventsFunctionTest" time="0.266" tests="1" errors="0" skipped="0" failures="0">
  <properties>
[...]
</properties>
  <testcase name="testAccept" classname="com.postech.fiap.googlecloudfunctions.HelloWorldCloudEventsFunctionTest" time="0.175">
    <system-out><![CDATA[2025-11-28 21:57:38,342 INFO  [io.quarkus] (main) serveless-test-pubsub stopped in 0.009s
2025-11-28 21:57:38,350 INFO  [org.eclipse.jetty.server.AbstractConnector] (main) Stopped ServerConnector@7e94e331{HTTP/1.1, (http/1.1)}{0.0.0.0:8081}
2025-11-28 21:57:38,352 INFO  [org.eclipse.jetty.server.handler.ContextHandler] (main) Stopped o.e.j.s.ServletContextHandler@5ed25612{/,null,STOPPED}
2025-11-28 21:57:38,404 WARN  [io.quarkus.config] (main) Unrecognized configuration key "quarkus.package.type" was provided; it will be ignored; verify that the dependency extension for this configuration is set or that you did not make a typo
2025-11-28 21:57:38,407 INFO  [io.quarkus] (main) serveless-test-pubsub 1.0.0-SNAPSHOT on JVM (powered by Quarkus 3.30.1) started in 0.026s. 
2025-11-28 21:57:38,408 INFO  [io.quarkus] (main) Profile test activated. 
2025-11-28 21:57:38,408 INFO  [io.quarkus] (main) Installed features: [cdi, google-cloud-functions]
2025-11-28 21:57:38,410 INFO  [org.eclipse.jetty.server.Server] (main) jetty-9.4.57.v20241219; built: 2025-01-08T21:24:30.412Z; git: df524e6b29271c2e09ba9aea83c18dc9db464a31; jvm 23.0.2+7-jvmci-b01
2025-11-28 21:57:38,411 INFO  [org.eclipse.jetty.server.handler.ContextHandler] (main) Started o.e.j.s.ServletContextHandler@53917c92{/,null,AVAILABLE}
2025-11-28 21:57:38,421 INFO  [org.eclipse.jetty.server.AbstractConnector] (main) Started ServerConnector@5e198c40{HTTP/1.1, (http/1.1)}{0.0.0.0:8081}
2025-11-28 21:57:38,422 INFO  [org.eclipse.jetty.server.Server] (main) Started @6654ms
2025-11-28 21:57:38,422 INFO  [com.google.cloud.functions.invoker.runner.Invoker] (main) Serving function...
2025-11-28 21:57:38,422 INFO  [com.google.cloud.functions.invoker.runner.Invoker] (main) Function: io.quarkus.gcp.functions.QuarkusCloudEventsFunction
2025-11-28 21:57:38,422 INFO  [com.google.cloud.functions.invoker.runner.Invoker] (main) URL: http://localhost:8081/
Receive event Id: 1234567890
Receive event Subject: objects/MY_FILE.txt
Receive event Type: google.cloud.storage.object.v1.finalized
Receive event Data: {
        "bucket": "MY_BUCKET",
        "contentType": "text/plain",
        "kind": "storage#object",
        "md5Hash": "...",
        "metageneration": "1",
        "name": "MY_FILE.txt",
        "size": "352",
        "storageClass": "MULTI_REGIONAL",
        "timeCreated": "2020-04-23T07:38:57.230Z",
        "timeStorageClassUpdated": "2020-04-23T07:38:57.230Z",
        "updated": "2020-04-23T07:38:57.230Z"
      }
]]></system-out>
  </testcase>
</testsuite>